[INFO ] 2021-08-07 21:41:00.816 [main] Log - Chrome Launch Successfully.
[INFO ] 2021-08-07 21:41:05.342 [main] Log - Chrome Close Successfully.
[INFO ] 2021-08-07 22:02:14.971 [main] Log - Chrome Launch Successfully.
[INFO ] 2021-08-07 22:02:15.990 [main] Log - Chrome Close Successfully.
[INFO ] 2021-08-07 22:06:09.898 [main] Log - Chrome Launch Successfully.
[INFO ] 2021-08-07 22:06:10.746 [main] Log - Chrome Close Successfully.
[INFO ] 2021-08-07 22:21:32.184 [main] Log - Chrome Launch Successfully.
[INFO ] 2021-08-07 22:21:33.778 [main] Log - Chrome Close Successfully.
[INFO ] 2021-08-07 22:43:04.670 [main] Log - Chrome Launch Successfully.
[INFO ] 2021-08-07 22:43:09.684 [main] Log - Chrome Close Successfully.
[INFO ] 2021-08-07 22:55:12.517 [main] Log - Chrome Launch Successfully.
[INFO ] 2021-08-07 22:55:17.693 [main] Log - Chrome Close Successfully.
[INFO ] 2021-08-07 23:08:05.095 [main] Log - Chrome Launch Successfully.
[INFO ] 2021-08-07 23:08:06.156 [main] Log - Chrome Close Successfully.
[INFO ] 2021-08-07 23:15:03.665 [main] Log - Chrome Launch successfully.
[INFO ] 2021-08-07 23:15:13.254 [main] Log - Registration page opened successfully
[INFO ] 2021-08-07 23:15:15.201 [main] Log - Chrome close successfully.
[INFO ] 2021-08-07 23:18:50.125 [main] Log - Chrome Launch successfully.
[INFO ] 2021-08-07 23:19:02.644 [main] Log - Registration page opened successfully
[INFO ] 2021-08-07 23:19:07.155 [main] Log - Chrome close successfully.
