[INFO ] 2021-08-08 22:23:45.714 [main] Log - Chrome Launch successfully.
[INFO ] 2021-08-08 22:24:00.859 [main] Log - Chrome close successfully.
[INFO ] 2021-08-08 22:27:07.604 [main] Log - Chrome Launch successfully.
[INFO ] 2021-08-08 22:27:19.415 [main] Log - Registration page opened successfully
[INFO ] 2021-08-08 22:27:24.035 [main] Log - Chrome close successfully.
[INFO ] 2021-08-08 22:29:41.138 [main] Log - Chrome Launch successfully.
[INFO ] 2021-08-08 22:29:45.982 [main] Log - Registration page opened successfully
[INFO ] 2021-08-08 22:29:48.654 [main] Log - Chrome close successfully.
[INFO ] 2021-08-08 22:31:48.848 [main] Log - Chrome Launch successfully.
[INFO ] 2021-08-08 22:32:00.050 [main] Log - Registration page opened successfully
[INFO ] 2021-08-08 22:32:11.985 [main] Log - Type Firstname:Motahara
[INFO ] 2021-08-08 22:32:12.178 [main] Log - Type Lastname:Mishu
[INFO ] 2021-08-08 22:32:12.381 [main] Log - Type Email:motahara@gmail.com
[INFO ] 2021-08-08 22:32:12.569 [main] Log - Type Telephone:13033892
[INFO ] 2021-08-08 22:32:12.733 [main] Log - Type password:1234
[INFO ] 2021-08-08 22:32:12.915 [main] Log - Type confirm password:1234
[INFO ] 2021-08-08 22:32:13.253 [main] Log - clicked policy button
[INFO ] 2021-08-08 22:32:17.105 [main] Log - clicked continue button
[INFO ] 2021-08-08 22:32:25.282 [main] Log - Chrome close successfully.
[INFO ] 2021-08-08 22:42:34.080 [main] Log - Chrome Launch successfully.
[INFO ] 2021-08-08 22:42:39.391 [main] Log - Registration page opened successfully
[INFO ] 2021-08-08 22:42:51.011 [main] Log - Type Firstname:Motahara
[INFO ] 2021-08-08 22:42:51.152 [main] Log - Type Lastname:Mishu
[INFO ] 2021-08-08 22:42:51.329 [main] Log - Type Email:motahara@gmail.com
[INFO ] 2021-08-08 22:42:51.451 [main] Log - Type Telephone:13033892
[INFO ] 2021-08-08 22:42:51.615 [main] Log - Type password:1234
[INFO ] 2021-08-08 22:42:51.738 [main] Log - Type confirm password:1234
[INFO ] 2021-08-08 22:42:52.098 [main] Log - clicked policy button
[INFO ] 2021-08-08 22:42:56.518 [main] Log - clicked continue button
[INFO ] 2021-08-08 22:43:07.852 [main] Log - Type Firstname:Mishu
[INFO ] 2021-08-08 22:43:07.988 [main] Log - Type Lastname:Mahbub
[INFO ] 2021-08-08 22:43:08.156 [main] Log - Type Email:mishu@gmail.com
[INFO ] 2021-08-08 22:43:08.279 [main] Log - Type Telephone:12326984
[INFO ] 2021-08-08 22:43:08.409 [main] Log - Type password:12345
[INFO ] 2021-08-08 22:43:08.589 [main] Log - Type confirm password:12345
[INFO ] 2021-08-08 22:43:08.662 [main] Log - clicked policy button
[INFO ] 2021-08-08 22:43:10.482 [main] Log - clicked continue button
[INFO ] 2021-08-08 22:43:11.926 [main] Log - Type Firstname:Lamya
[INFO ] 2021-08-08 22:43:12.077 [main] Log - Type Lastname:Mahisha
[INFO ] 2021-08-08 22:43:12.230 [main] Log - Type Email:lamya@gmail.com
[INFO ] 2021-08-08 22:43:12.427 [main] Log - Type Telephone:12363243
[INFO ] 2021-08-08 22:43:12.549 [main] Log - Type password:123456
[INFO ] 2021-08-08 22:43:12.697 [main] Log - Type confirm password:123456
[INFO ] 2021-08-08 22:43:12.759 [main] Log - clicked policy button
[INFO ] 2021-08-08 22:43:15.425 [main] Log - clicked continue button
[INFO ] 2021-08-08 22:43:16.818 [main] Log - Chrome close successfully.
[INFO ] 2021-08-08 22:52:46.196 [main] Log - Chrome Launch successfully.
[INFO ] 2021-08-08 22:52:58.476 [main] Log - Registration page open successfully.
[INFO ] 2021-08-08 22:53:13.066 [main] Log - Type Firstname:Motahara
[INFO ] 2021-08-08 22:53:13.423 [main] Log - Type Lastname:Mishu
[INFO ] 2021-08-08 22:53:13.591 [main] Log - Type Email:motahara@gmail.com
[INFO ] 2021-08-08 22:53:13.767 [main] Log - Type Telephone:13033892
[INFO ] 2021-08-08 22:53:13.971 [main] Log - Type password:1234
[INFO ] 2021-08-08 22:53:14.148 [main] Log - Type confirm password:1234
[INFO ] 2021-08-08 22:53:14.298 [main] Log - Check On Privacy Policy.
[INFO ] 2021-08-08 22:53:16.927 [main] Log - Click on Continue Button.
[INFO ] 2021-08-08 22:53:24.029 [main] Log - Type Firstname:Mishu
[INFO ] 2021-08-08 22:53:24.154 [main] Log - Type Lastname:Mahbub
[INFO ] 2021-08-08 22:53:24.287 [main] Log - Type Email:mishu@gmail.com
[INFO ] 2021-08-08 22:53:24.479 [main] Log - Type Telephone:12326984
[INFO ] 2021-08-08 22:53:24.630 [main] Log - Type password:12345
[INFO ] 2021-08-08 22:53:24.772 [main] Log - Type confirm password:12345
[INFO ] 2021-08-08 22:53:24.841 [main] Log - Check On Privacy Policy.
[INFO ] 2021-08-08 22:53:26.755 [main] Log - Click on Continue Button.
[INFO ] 2021-08-08 22:53:28.686 [main] Log - Type Firstname:Lamya
[INFO ] 2021-08-08 22:53:28.804 [main] Log - Type Lastname:Mahisha
[INFO ] 2021-08-08 22:53:28.964 [main] Log - Type Email:lamya@gmail.com
[INFO ] 2021-08-08 22:53:29.124 [main] Log - Type Telephone:12363243
[INFO ] 2021-08-08 22:53:29.275 [main] Log - Type password:123456
[INFO ] 2021-08-08 22:53:29.418 [main] Log - Type confirm password:123456
[INFO ] 2021-08-08 22:53:29.485 [main] Log - Check On Privacy Policy.
[INFO ] 2021-08-08 22:53:30.918 [main] Log - Click on Continue Button.
[INFO ] 2021-08-08 22:53:32.430 [main] Log - Chrome close successfully.
[INFO ] 2021-08-08 23:24:41.743 [main] Log - Chrome Launch successfully.
[INFO ] 2021-08-08 23:24:49.122 [main] Log - Registration page open successfully.
[INFO ] 2021-08-08 23:25:02.862 [main] Log - Type Firstname:Motahara
[INFO ] 2021-08-08 23:25:03.178 [main] Log - Type Lastname:Mishu
[INFO ] 2021-08-08 23:25:03.300 [main] Log - Type Email:motahara@gmail.com
[INFO ] 2021-08-08 23:25:03.432 [main] Log - Type Telephone:13033892
[INFO ] 2021-08-08 23:25:03.616 [main] Log - Type password:1234
[INFO ] 2021-08-08 23:25:03.716 [main] Log - Type confirm password:1234
[INFO ] 2021-08-08 23:25:04.250 [main] Log - Check On Privacy Policy.
[INFO ] 2021-08-08 23:25:05.787 [main] Log - Click on Continue Button.
[INFO ] 2021-08-08 23:25:07.866 [main] Log - Type Firstname:Mishu
[INFO ] 2021-08-08 23:25:07.961 [main] Log - Type Lastname:Mahbub
[INFO ] 2021-08-08 23:25:08.096 [main] Log - Type Email:mishu@gmail.com
[INFO ] 2021-08-08 23:25:08.177 [main] Log - Type Telephone:12326984
[INFO ] 2021-08-08 23:25:08.316 [main] Log - Type password:12345
[INFO ] 2021-08-08 23:25:08.472 [main] Log - Type confirm password:12345
[INFO ] 2021-08-08 23:25:08.562 [main] Log - Check On Privacy Policy.
[INFO ] 2021-08-08 23:25:10.468 [main] Log - Click on Continue Button.
[INFO ] 2021-08-08 23:25:11.560 [main] Log - Type Firstname:Lamya
[INFO ] 2021-08-08 23:25:11.682 [main] Log - Type Lastname:Mahisha
[INFO ] 2021-08-08 23:25:11.798 [main] Log - Type Email:lamya@gmail.com
[INFO ] 2021-08-08 23:25:11.916 [main] Log - Type Telephone:12363243
[INFO ] 2021-08-08 23:25:12.045 [main] Log - Type password:123456
[INFO ] 2021-08-08 23:25:12.161 [main] Log - Type confirm password:123456
[INFO ] 2021-08-08 23:25:12.235 [main] Log - Check On Privacy Policy.
[INFO ] 2021-08-08 23:25:14.077 [main] Log - Click on Continue Button.
[INFO ] 2021-08-08 23:25:18.166 [main] Log - Chrome close successfully.
